                                           The SAS System       15:37 Thursday, October 13, 2011  41

                                               PREFIX
                                               ƒƒƒƒƒƒ
                                               NAS   
                                           The SAS System       15:37 Thursday, October 13, 2011  42

                                               PREFIX
                                               ƒƒƒƒƒƒ
                                               NAS   
                                           The SAS System       15:37 Thursday, October 13, 2011  43

                                               PREFIX
                                               ƒƒƒƒƒƒ
                                               NAS   
                                           The SAS System       15:37 Thursday, October 13, 2011  44

                                               PREFIX
                                               ƒƒƒƒƒƒ
                                               NAS   
                                           The SAS System       15:37 Thursday, October 13, 2011  45

                                         The FREQ Procedure

                                                                    Cumulative    Cumulative
        Brand_Group             BRAND      Frequency     Percent     Frequency      Percent
        ƒƒƒƒƒƒƒƒƒƒƒƒƒƒƒƒƒƒƒƒƒƒƒƒƒƒƒƒƒƒƒƒƒƒƒƒƒƒƒƒƒƒƒƒƒƒƒƒƒƒƒƒƒƒƒƒƒƒƒƒƒƒƒƒƒƒƒƒƒƒƒƒƒƒƒƒƒƒƒƒƒƒƒƒ
        NASONEX                 NASONEX         131      100.00           131       100.00  


                                                                     Cumulative    Cumulative
       Brand_Group             BG_PREFIX    Frequency     Percent     Frequency      Percent
       ƒƒƒƒƒƒƒƒƒƒƒƒƒƒƒƒƒƒƒƒƒƒƒƒƒƒƒƒƒƒƒƒƒƒƒƒƒƒƒƒƒƒƒƒƒƒƒƒƒƒƒƒƒƒƒƒƒƒƒƒƒƒƒƒƒƒƒƒƒƒƒƒƒƒƒƒƒƒƒƒƒƒƒƒƒƒ
       NASONEX                 NAS               131      100.00           131       100.00  
                                           The SAS System       15:37 Thursday, October 13, 2011  46

                                         The FREQ Procedure

                                                       Cumulative    Cumulative
                     INSET    Frequency     Percent     Frequency      Percent
                     ƒƒƒƒƒƒƒƒƒƒƒƒƒƒƒƒƒƒƒƒƒƒƒƒƒƒƒƒƒƒƒƒƒƒƒƒƒƒƒƒƒƒƒƒƒƒƒƒƒƒƒƒƒƒƒƒƒƒ
                        10        5250       16.03          5250        16.03  
                        11       27510       83.97         32760       100.00  
                                           The SAS System       15:37 Thursday, October 13, 2011  47

                                         The FREQ Procedure

                                                                    Cumulative    Cumulative
        Brand_Group             BRAND      Frequency     Percent     Frequency      Percent
        ƒƒƒƒƒƒƒƒƒƒƒƒƒƒƒƒƒƒƒƒƒƒƒƒƒƒƒƒƒƒƒƒƒƒƒƒƒƒƒƒƒƒƒƒƒƒƒƒƒƒƒƒƒƒƒƒƒƒƒƒƒƒƒƒƒƒƒƒƒƒƒƒƒƒƒƒƒƒƒƒƒƒƒƒ
        NASONEX                 NASONEX        4932      100.00          4932       100.00  


                                                                     Cumulative    Cumulative
       Brand_Group             BG_PREFIX    Frequency     Percent     Frequency      Percent
       ƒƒƒƒƒƒƒƒƒƒƒƒƒƒƒƒƒƒƒƒƒƒƒƒƒƒƒƒƒƒƒƒƒƒƒƒƒƒƒƒƒƒƒƒƒƒƒƒƒƒƒƒƒƒƒƒƒƒƒƒƒƒƒƒƒƒƒƒƒƒƒƒƒƒƒƒƒƒƒƒƒƒƒƒƒƒ
       NASONEX                 NAS              4932      100.00          4932       100.00  
                                           The SAS System       15:37 Thursday, October 13, 2011  48

                                         The FREQ Procedure

                                                       Cumulative    Cumulative
                     INSET    Frequency     Percent     Frequency      Percent
                     ƒƒƒƒƒƒƒƒƒƒƒƒƒƒƒƒƒƒƒƒƒƒƒƒƒƒƒƒƒƒƒƒƒƒƒƒƒƒƒƒƒƒƒƒƒƒƒƒƒƒƒƒƒƒƒƒƒƒ
                        10       27828       84.95         27828        84.95  
                        11        4932       15.05         32760       100.00  
                                           The SAS System       15:37 Thursday, October 13, 2011  49

                                                      
                                              ƒƒƒƒƒƒƒƒ
                                                     1
                                           The SAS System       15:37 Thursday, October 13, 2011  50

                                         The FREQ Procedure

                                                                    Cumulative    Cumulative
        Brand_Group             BRAND      Frequency     Percent     Frequency      Percent
        ƒƒƒƒƒƒƒƒƒƒƒƒƒƒƒƒƒƒƒƒƒƒƒƒƒƒƒƒƒƒƒƒƒƒƒƒƒƒƒƒƒƒƒƒƒƒƒƒƒƒƒƒƒƒƒƒƒƒƒƒƒƒƒƒƒƒƒƒƒƒƒƒƒƒƒƒƒƒƒƒƒƒƒƒ
        NASONEX                 NASONEX         131      100.00           131       100.00  


                                                                     Cumulative    Cumulative
       Brand_Group             BG_PREFIX    Frequency     Percent     Frequency      Percent
       ƒƒƒƒƒƒƒƒƒƒƒƒƒƒƒƒƒƒƒƒƒƒƒƒƒƒƒƒƒƒƒƒƒƒƒƒƒƒƒƒƒƒƒƒƒƒƒƒƒƒƒƒƒƒƒƒƒƒƒƒƒƒƒƒƒƒƒƒƒƒƒƒƒƒƒƒƒƒƒƒƒƒƒƒƒƒ
       NASONEX                 NAS               131      100.00           131       100.00  
                                           The SAS System       15:37 Thursday, October 13, 2011  51

                                         The FREQ Procedure

                                                       Cumulative    Cumulative
                     INSET    Frequency     Percent     Frequency      Percent
                     ƒƒƒƒƒƒƒƒƒƒƒƒƒƒƒƒƒƒƒƒƒƒƒƒƒƒƒƒƒƒƒƒƒƒƒƒƒƒƒƒƒƒƒƒƒƒƒƒƒƒƒƒƒƒƒƒƒƒ
                        10        5250       16.03          5250        16.03  
                        11       27510       83.97         32760       100.00  
                                           The SAS System       15:37 Thursday, October 13, 2011  52

                                         The FREQ Procedure

                                                                    Cumulative    Cumulative
        Brand_Group             BRAND      Frequency     Percent     Frequency      Percent
        ƒƒƒƒƒƒƒƒƒƒƒƒƒƒƒƒƒƒƒƒƒƒƒƒƒƒƒƒƒƒƒƒƒƒƒƒƒƒƒƒƒƒƒƒƒƒƒƒƒƒƒƒƒƒƒƒƒƒƒƒƒƒƒƒƒƒƒƒƒƒƒƒƒƒƒƒƒƒƒƒƒƒƒƒ
        NASONEX                 NASONEX        4932      100.00          4932       100.00  


                                                                     Cumulative    Cumulative
       Brand_Group             BG_PREFIX    Frequency     Percent     Frequency      Percent
       ƒƒƒƒƒƒƒƒƒƒƒƒƒƒƒƒƒƒƒƒƒƒƒƒƒƒƒƒƒƒƒƒƒƒƒƒƒƒƒƒƒƒƒƒƒƒƒƒƒƒƒƒƒƒƒƒƒƒƒƒƒƒƒƒƒƒƒƒƒƒƒƒƒƒƒƒƒƒƒƒƒƒƒƒƒƒ
       NASONEX                 NAS              4932      100.00          4932       100.00  
                                           The SAS System       15:37 Thursday, October 13, 2011  53

                                         The FREQ Procedure

                                                       Cumulative    Cumulative
                     INSET    Frequency     Percent     Frequency      Percent
                     ƒƒƒƒƒƒƒƒƒƒƒƒƒƒƒƒƒƒƒƒƒƒƒƒƒƒƒƒƒƒƒƒƒƒƒƒƒƒƒƒƒƒƒƒƒƒƒƒƒƒƒƒƒƒƒƒƒƒ
                        10       27828       84.95         27828        84.95  
                        11        4932       15.05         32760       100.00  
                                           The SAS System       15:37 Thursday, October 13, 2011  54

                                                      
                                              ƒƒƒƒƒƒƒƒ
                                                     1
                                           The SAS System       15:37 Thursday, October 13, 2011  55

                                         The FREQ Procedure

                                                                    Cumulative    Cumulative
        Brand_Group             BRAND      Frequency     Percent     Frequency      Percent
        ƒƒƒƒƒƒƒƒƒƒƒƒƒƒƒƒƒƒƒƒƒƒƒƒƒƒƒƒƒƒƒƒƒƒƒƒƒƒƒƒƒƒƒƒƒƒƒƒƒƒƒƒƒƒƒƒƒƒƒƒƒƒƒƒƒƒƒƒƒƒƒƒƒƒƒƒƒƒƒƒƒƒƒƒ
        NASONEX                 NASONEX         131      100.00           131       100.00  


                                                                     Cumulative    Cumulative
       Brand_Group             BG_PREFIX    Frequency     Percent     Frequency      Percent
       ƒƒƒƒƒƒƒƒƒƒƒƒƒƒƒƒƒƒƒƒƒƒƒƒƒƒƒƒƒƒƒƒƒƒƒƒƒƒƒƒƒƒƒƒƒƒƒƒƒƒƒƒƒƒƒƒƒƒƒƒƒƒƒƒƒƒƒƒƒƒƒƒƒƒƒƒƒƒƒƒƒƒƒƒƒƒ
       NASONEX                 NAS               131      100.00           131       100.00  
                                           The SAS System       15:37 Thursday, October 13, 2011  56

                                         The FREQ Procedure

                                                       Cumulative    Cumulative
                     INSET    Frequency     Percent     Frequency      Percent
                     ƒƒƒƒƒƒƒƒƒƒƒƒƒƒƒƒƒƒƒƒƒƒƒƒƒƒƒƒƒƒƒƒƒƒƒƒƒƒƒƒƒƒƒƒƒƒƒƒƒƒƒƒƒƒƒƒƒƒ
                        10        5250       16.03          5250        16.03  
                        11       27510       83.97         32760       100.00  
                                           The SAS System       15:37 Thursday, October 13, 2011  57

                                                      
                                              ƒƒƒƒƒƒƒƒ
                                                     1
                                           The SAS System       15:37 Thursday, October 13, 2011  58

                                         The FREQ Procedure

                                                                    Cumulative    Cumulative
        Brand_Group             BRAND      Frequency     Percent     Frequency      Percent
        ƒƒƒƒƒƒƒƒƒƒƒƒƒƒƒƒƒƒƒƒƒƒƒƒƒƒƒƒƒƒƒƒƒƒƒƒƒƒƒƒƒƒƒƒƒƒƒƒƒƒƒƒƒƒƒƒƒƒƒƒƒƒƒƒƒƒƒƒƒƒƒƒƒƒƒƒƒƒƒƒƒƒƒƒ
        NASONEX                 NASONEX         131      100.00           131       100.00  


                                                                     Cumulative    Cumulative
       Brand_Group             BG_PREFIX    Frequency     Percent     Frequency      Percent
       ƒƒƒƒƒƒƒƒƒƒƒƒƒƒƒƒƒƒƒƒƒƒƒƒƒƒƒƒƒƒƒƒƒƒƒƒƒƒƒƒƒƒƒƒƒƒƒƒƒƒƒƒƒƒƒƒƒƒƒƒƒƒƒƒƒƒƒƒƒƒƒƒƒƒƒƒƒƒƒƒƒƒƒƒƒƒ
       NASONEX                 NAS               131      100.00           131       100.00  
                                           The SAS System       15:37 Thursday, October 13, 2011  59

                                         The FREQ Procedure

                                                       Cumulative    Cumulative
                     INSET    Frequency     Percent     Frequency      Percent
                     ƒƒƒƒƒƒƒƒƒƒƒƒƒƒƒƒƒƒƒƒƒƒƒƒƒƒƒƒƒƒƒƒƒƒƒƒƒƒƒƒƒƒƒƒƒƒƒƒƒƒƒƒƒƒƒƒƒƒ
                        10        5250       16.03          5250        16.03  
                        11       27510       83.97         32760       100.00  
                                           The SAS System       15:37 Thursday, October 13, 2011  60

                                         The FREQ Procedure

                                                                    Cumulative    Cumulative
        Brand_Group             BRAND      Frequency     Percent     Frequency      Percent
        ƒƒƒƒƒƒƒƒƒƒƒƒƒƒƒƒƒƒƒƒƒƒƒƒƒƒƒƒƒƒƒƒƒƒƒƒƒƒƒƒƒƒƒƒƒƒƒƒƒƒƒƒƒƒƒƒƒƒƒƒƒƒƒƒƒƒƒƒƒƒƒƒƒƒƒƒƒƒƒƒƒƒƒƒ
        NASONEX                 NASONEX        4932      100.00          4932       100.00  


                                                                     Cumulative    Cumulative
       Brand_Group             BG_PREFIX    Frequency     Percent     Frequency      Percent
       ƒƒƒƒƒƒƒƒƒƒƒƒƒƒƒƒƒƒƒƒƒƒƒƒƒƒƒƒƒƒƒƒƒƒƒƒƒƒƒƒƒƒƒƒƒƒƒƒƒƒƒƒƒƒƒƒƒƒƒƒƒƒƒƒƒƒƒƒƒƒƒƒƒƒƒƒƒƒƒƒƒƒƒƒƒƒ
       NASONEX                 NAS              4932      100.00          4932       100.00  
                                           The SAS System       15:37 Thursday, October 13, 2011  61

                                         The FREQ Procedure

                                                       Cumulative    Cumulative
                     INSET    Frequency     Percent     Frequency      Percent
                     ƒƒƒƒƒƒƒƒƒƒƒƒƒƒƒƒƒƒƒƒƒƒƒƒƒƒƒƒƒƒƒƒƒƒƒƒƒƒƒƒƒƒƒƒƒƒƒƒƒƒƒƒƒƒƒƒƒƒ
                        10       27828       84.95         27828        84.95  
                        11        4932       15.05         32760       100.00  
                                           The SAS System       15:37 Thursday, October 13, 2011  62

                                                      
                                              ƒƒƒƒƒƒƒƒ
                                                     1
